
=== Mon Oct  2 10:25:47 2023

Packages were changed.
Update Mode: updateDependencies

The following packages were updated:
  com.unity.collab-proxy from version 1.11.2 to 2.0.3
  com.unity.ide.rider from version 2.0.7 to 3.0.20
  com.unity.ide.visualstudio from version 2.0.11 to 2.0.18
  com.unity.ide.vscode from version 1.2.4 to 1.2.5
  com.unity.purchasing.udp from version 2.0.0 to 2.2.4
  com.unity.render-pipelines.universal from version 10.6.0 to 12.1.11
  com.unity.test-framework from version 1.1.29 to 1.1.31
  com.unity.timeline from version 1.4.8 to 1.6.4
  com.unity.toolchain.linux-x86_64 from version 0.1.19-preview to 2.0.4
  com.unity.toolchain.win-x86_64-linux-x86_64 from version 0.1.21-preview to 2.0.4

=== Tue Oct  3 22:22:01 2023

Packages were changed.
Update Mode: updateDependencies

The following packages were updated:
  com.unity.render-pipelines.universal from version 10.6.0 to 12.1.11
  com.unity.xr.arcore from version 4.1.13 to 4.2.7
